# JRE version: OpenJDK Runtime Environment Temurin-17.0.4.1+1 (17.0.4.1+1) (build 17.0.4.1+1)
# Java VM: OpenJDK 64-Bit Server VM Temurin-17.0.4.1+1 (17.0.4.1+1, mixed mode, tiered, compressed oops, compressed class ptrs, parallel gc, windows-amd64)
GC Precious Log:
 CPUs: 8 total, 8 available
 Memory: 8058M
 Large Page Support: Disabled
 NUMA Support: Disabled
 Compressed Oops: Enabled (32-bit)
 Alignments: Space 512K, Generation 512K, Heap 2M
 Heap Min Capacity: 100M
 Heap Initial Capacity: 100M
 Heap Max Capacity: 1G
 Pre-touch: Disabled
 Parallel Workers: 8
Heap:
 PSYoungGen      total 19456K, used 6569K [0x00000000eab00000, 0x00000000ec700000, 0x0000000100000000)
  eden space 17920K, 28% used [0x00000000eab00000,0x00000000eafea658,0x00000000ebc80000)
  from space 1536K, 100% used [0x00000000ec100000,0x00000000ec280000,0x00000000ec280000)
  to   space 4608K, 0% used [0x00000000ebc80000,0x00000000ebc80000,0x00000000ec100000)
 ParOldGen       total 68608K, used 62880K [0x00000000c0000000, 0x00000000c4300000, 0x00000000eab00000)
  object space 68608K, 91% used [0x00000000c0000000,0x00000000c3d683c0,0x00000000c4300000)
 Metaspace       used 61071K, committed 62080K, reserved 1105920K
  class space    used 6187K, committed 6656K, reserved 1048576K
GC Heap History (20 events):
Event: 16.013 GC heap before
{Heap before GC invocations=42 (full 2):
 PSYoungGen      total 20480K, used 20455K [0x00000000eab00000, 0x00000000ec280000, 0x0000000100000000)
  eden space 19456K, 99% used [0x00000000eab00000,0x00000000ebdfafe8,0x00000000ebe00000)
  from space 1024K, 99% used [0x00000000ec100000,0x00000000ec1feeb8,0x00000000ec200000)
  to   space 512K, 0% used [0x00000000ec200000,0x00000000ec200000,0x00000000ec280000)
 ParOldGen       total 68608K, used 53545K [0x00000000c0000000, 0x00000000c4300000, 0x00000000eab00000)
  object space 68608K, 78% used [0x00000000c0000000,0x00000000c344a7b0,0x00000000c4300000)
 Metaspace       used 57295K, committed 58304K, reserved 1105920K
  class space    used 6026K, committed 6464K, reserved 1048576K
}
Event: 16.026 GC heap after
{Heap after GC invocations=42 (full 2):
 PSYoungGen      total 19968K, used 480K [0x00000000eab00000, 0x00000000ec500000, 0x0000000100000000)
  eden space 19456K, 0% used [0x00000000eab00000,0x00000000eab00000,0x00000000ebe00000)
  from space 512K, 93% used [0x00000000ec200000,0x00000000ec2782f8,0x00000000ec280000)
  to   space 3584K, 0% used [0x00000000ebe00000,0x00000000ebe00000,0x00000000ec180000)
 ParOldGen       total 68608K, used 56163K [0x00000000c0000000, 0x00000000c4300000, 0x00000000eab00000)
  object space 68608K, 81% used [0x00000000c0000000,0x00000000c36d8fe0,0x00000000c4300000)
 Metaspace       used 57295K, committed 58304K, reserved 1105920K
  class space    used 6026K, committed 6464K, reserved 1048576K
}
Event: 16.791 GC heap before
{Heap before GC invocations=43 (full 2):
 PSYoungGen      total 19968K, used 19936K [0x00000000eab00000, 0x00000000ec500000, 0x0000000100000000)
  eden space 19456K, 100% used [0x00000000eab00000,0x00000000ebe00000,0x00000000ebe00000)
  from space 512K, 93% used [0x00000000ec200000,0x00000000ec2782f8,0x00000000ec280000)
  to   space 3584K, 0% used [0x00000000ebe00000,0x00000000ebe00000,0x00000000ec180000)
 ParOldGen       total 68608K, used 56163K [0x00000000c0000000, 0x00000000c4300000, 0x00000000eab00000)
  object space 68608K, 81% used [0x00000000c0000000,0x00000000c36d8fe0,0x00000000c4300000)
 Metaspace       used 58012K, committed 59072K, reserved 1105920K
  class space    used 6064K, committed 6528K, reserved 1048576K
}
Event: 16.795 GC heap after
{Heap after GC invocations=43 (full 2):
 PSYoungGen      total 22016K, used 2282K [0x00000000eab00000, 0x00000000ec400000, 0x0000000100000000)
  eden space 19456K, 0% used [0x00000000eab00000,0x00000000eab00000,0x00000000ebe00000)
  from space 2560K, 89% used [0x00000000ebe00000,0x00000000ec03ab38,0x00000000ec080000)
  to   space 3072K, 0% used [0x00000000ec100000,0x00000000ec100000,0x00000000ec400000)
 ParOldGen       total 68608K, used 56676K [0x00000000c0000000, 0x00000000c4300000, 0x00000000eab00000)
  object space 68608K, 82% used [0x00000000c0000000,0x00000000c3759250,0x00000000c4300000)
 Metaspace       used 58012K, committed 59072K, reserved 1105920K
  class space    used 6064K, committed 6528K, reserved 1048576K
}
Event: 17.612 GC heap before
{Heap before GC invocations=44 (full 2):
 PSYoungGen      total 22016K, used 21738K [0x00000000eab00000, 0x00000000ec400000, 0x0000000100000000)
  eden space 19456K, 100% used [0x00000000eab00000,0x00000000ebe00000,0x00000000ebe00000)
  from space 2560K, 89% used [0x00000000ebe00000,0x00000000ec03ab38,0x00000000ec080000)
  to   space 3072K, 0% used [0x00000000ec100000,0x00000000ec100000,0x00000000ec400000)
 ParOldGen       total 68608K, used 56676K [0x00000000c0000000, 0x00000000c4300000, 0x00000000eab00000)
  object space 68608K, 82% used [0x00000000c0000000,0x00000000c3759250,0x00000000c4300000)
 Metaspace       used 58663K, committed 59648K, reserved 1105920K
  class space    used 6069K, committed 6528K, reserved 1048576K
}
Event: 17.615 GC heap after
{Heap after GC invocations=44 (full 2):
 PSYoungGen      total 20992K, used 1248K [0x00000000eab00000, 0x00000000ec280000, 0x0000000100000000)
  eden space 19456K, 0% used [0x00000000eab00000,0x00000000eab00000,0x00000000ebe00000)
  from space 1536K, 81% used [0x00000000ec100000,0x00000000ec238000,0x00000000ec280000)
  to   space 2048K, 0% used [0x00000000ebe80000,0x00000000ebe80000,0x00000000ec080000)
 ParOldGen       total 68608K, used 58827K [0x00000000c0000000, 0x00000000c4300000, 0x00000000eab00000)
  object space 68608K, 85% used [0x00000000c0000000,0x00000000c3972cf0,0x00000000c4300000)
 Metaspace       used 58663K, committed 59648K, reserved 1105920K
  class space    used 6069K, committed 6528K, reserved 1048576K
}
Event: 17.769 GC heap before
{Heap before GC invocations=45 (full 2):
 PSYoungGen      total 20992K, used 8221K [0x00000000eab00000, 0x00000000ec280000, 0x0000000100000000)
  eden space 19456K, 35% used [0x00000000eab00000,0x00000000eb1cf460,0x00000000ebe00000)
  from space 1536K, 81% used [0x00000000ec100000,0x00000000ec238000,0x00000000ec280000)
  to   space 2048K, 0% used [0x00000000ebe80000,0x00000000ebe80000,0x00000000ec080000)
 ParOldGen       total 68608K, used 58827K [0x00000000c0000000, 0x00000000c4300000, 0x00000000eab00000)
  object space 68608K, 85% used [0x00000000c0000000,0x00000000c3972cf0,0x00000000c4300000)
 Metaspace       used 58797K, committed 59776K, reserved 1105920K
  class space    used 6069K, committed 6528K, reserved 1048576K
}
Event: 17.771 GC heap after
{Heap after GC invocations=45 (full 2):
 PSYoungGen      total 21504K, used 544K [0x00000000eab00000, 0x00000000ec180000, 0x0000000100000000)
  eden space 19456K, 0% used [0x00000000eab00000,0x00000000eab00000,0x00000000ebe00000)
  from space 2048K, 26% used [0x00000000ebe80000,0x00000000ebf08000,0x00000000ec080000)
  to   space 1024K, 0% used [0x00000000ec080000,0x00000000ec080000,0x00000000ec180000)
 ParOldGen       total 68608K, used 60008K [0x00000000c0000000, 0x00000000c4300000, 0x00000000eab00000)
  object space 68608K, 87% used [0x00000000c0000000,0x00000000c3a9a100,0x00000000c4300000)
 Metaspace       used 58797K, committed 59776K, reserved 1105920K
  class space    used 6069K, committed 6528K, reserved 1048576K
}
Event: 17.771 GC heap before
{Heap before GC invocations=46 (full 3):
 PSYoungGen      total 21504K, used 544K [0x00000000eab00000, 0x00000000ec180000, 0x0000000100000000)
  eden space 19456K, 0% used [0x00000000eab00000,0x00000000eab00000,0x00000000ebe00000)
  from space 2048K, 26% used [0x00000000ebe80000,0x00000000ebf08000,0x00000000ec080000)
  to   space 1024K, 0% used [0x00000000ec080000,0x00000000ec080000,0x00000000ec180000)
 ParOldGen       total 68608K, used 60008K [0x00000000c0000000, 0x00000000c4300000, 0x00000000eab00000)
  object space 68608K, 87% used [0x00000000c0000000,0x00000000c3a9a100,0x00000000c4300000)
 Metaspace       used 58797K, committed 59776K, reserved 1105920K
  class space    used 6069K, committed 6528K, reserved 1048576K
}
Event: 17.860 GC heap after
{Heap after GC invocations=46 (full 3):
 PSYoungGen      total 21504K, used 0K [0x00000000eab00000, 0x00000000ec180000, 0x0000000100000000)
  eden space 19456K, 0% used [0x00000000eab00000,0x00000000eab00000,0x00000000ebe00000)
  from space 2048K, 0% used [0x00000000ebe80000,0x00000000ebe80000,0x00000000ec080000)
  to   space 1024K, 0% used [0x00000000ec080000,0x00000000ec080000,0x00000000ec180000)
 ParOldGen       total 68608K, used 55393K [0x00000000c0000000, 0x00000000c4300000, 0x00000000eab00000)
  object space 68608K, 80% used [0x00000000c0000000,0x00000000c3618458,0x00000000c4300000)
 Metaspace       used 58797K, committed 59776K, reserved 1105920K
  class space    used 6069K, committed 6528K, reserved 1048576K
}
Event: 18.453 GC heap before
{Heap before GC invocations=47 (full 3):
 PSYoungGen      total 21504K, used 19456K [0x00000000eab00000, 0x00000000ec180000, 0x0000000100000000)
  eden space 19456K, 100% used [0x00000000eab00000,0x00000000ebe00000,0x00000000ebe00000)
  from space 2048K, 0% used [0x00000000ebe80000,0x00000000ebe80000,0x00000000ec080000)
  to   space 1024K, 0% used [0x00000000ec080000,0x00000000ec080000,0x00000000ec180000)
 ParOldGen       total 68608K, used 55393K [0x00000000c0000000, 0x00000000c4300000, 0x00000000eab00000)
  object space 68608K, 80% used [0x00000000c0000000,0x00000000c3618458,0x00000000c4300000)
 Metaspace       used 59169K, committed 60224K, reserved 1105920K
  class space    used 6070K, committed 6528K, reserved 1048576K
}
Event: 18.455 GC heap after
{Heap after GC invocations=47 (full 3):
 PSYoungGen      total 20480K, used 1024K [0x00000000eab00000, 0x00000000ec180000, 0x0000000100000000)
  eden space 19456K, 0% used [0x00000000eab00000,0x00000000eab00000,0x00000000ebe00000)
  from space 1024K, 100% used [0x00000000ec080000,0x00000000ec180000,0x00000000ec180000)
  to   space 1536K, 0% used [0x00000000ebe80000,0x00000000ebe80000,0x00000000ec000000)
 ParOldGen       total 68608K, used 55566K [0x00000000c0000000, 0x00000000c4300000, 0x00000000eab00000)
  object space 68608K, 80% used [0x00000000c0000000,0x00000000c3643bd8,0x00000000c4300000)
 Metaspace       used 59169K, committed 60224K, reserved 1105920K
  class space    used 6070K, committed 6528K, reserved 1048576K
}
Event: 19.440 GC heap before
{Heap before GC invocations=48 (full 3):
 PSYoungGen      total 20480K, used 20480K [0x00000000eab00000, 0x00000000ec180000, 0x0000000100000000)
  eden space 19456K, 100% used [0x00000000eab00000,0x00000000ebe00000,0x00000000ebe00000)
  from space 1024K, 100% used [0x00000000ec080000,0x00000000ec180000,0x00000000ec180000)
  to   space 1536K, 0% used [0x00000000ebe80000,0x00000000ebe80000,0x00000000ec000000)
 ParOldGen       total 68608K, used 55566K [0x00000000c0000000, 0x00000000c4300000, 0x00000000eab00000)
  object space 68608K, 80% used [0x00000000c0000000,0x00000000c3643bd8,0x00000000c4300000)
 Metaspace       used 59551K, committed 60544K, reserved 1105920K
  class space    used 6079K, committed 6528K, reserved 1048576K
}
Event: 19.443 GC heap after
{Heap after GC invocations=48 (full 3):
 PSYoungGen      total 20992K, used 1536K [0x00000000eab00000, 0x00000000ec600000, 0x0000000100000000)
  eden space 19456K, 0% used [0x00000000eab00000,0x00000000eab00000,0x00000000ebe00000)
  from space 1536K, 100% used [0x00000000ebe80000,0x00000000ec000000,0x00000000ec000000)
  to   space 4096K, 0% used [0x00000000ec200000,0x00000000ec200000,0x00000000ec600000)
 ParOldGen       total 68608K, used 57404K [0x00000000c0000000, 0x00000000c4300000, 0x00000000eab00000)
  object space 68608K, 83% used [0x00000000c0000000,0x00000000c380f268,0x00000000c4300000)
 Metaspace       used 59551K, committed 60544K, reserved 1105920K
  class space    used 6079K, committed 6528K, reserved 1048576K
}
Event: 20.502 GC heap before
{Heap before GC invocations=49 (full 3):
 PSYoungGen      total 20992K, used 20819K [0x00000000eab00000, 0x00000000ec600000, 0x0000000100000000)
  eden space 19456K, 99% used [0x00000000eab00000,0x00000000ebdd4c80,0x00000000ebe00000)
  from space 1536K, 100% used [0x00000000ebe80000,0x00000000ec000000,0x00000000ec000000)
  to   space 4096K, 0% used [0x00000000ec200000,0x00000000ec200000,0x00000000ec600000)
 ParOldGen       total 68608K, used 57404K [0x00000000c0000000, 0x00000000c4300000, 0x00000000eab00000)
  object space 68608K, 83% used [0x00000000c0000000,0x00000000c380f268,0x00000000c4300000)
 Metaspace       used 60057K, committed 61056K, reserved 1105920K
  class space    used 6108K, committed 6592K, reserved 1048576K
}
Event: 20.505 GC heap after
{Heap after GC invocations=49 (full 3):
 PSYoungGen      total 21504K, used 1700K [0x00000000eab00000, 0x00000000ec400000, 0x0000000100000000)
  eden space 19456K, 0% used [0x00000000eab00000,0x00000000eab00000,0x00000000ebe00000)
  from space 2048K, 83% used [0x00000000ec200000,0x00000000ec3a9350,0x00000000ec400000)
  to   space 2560K, 0% used [0x00000000ebf00000,0x00000000ebf00000,0x00000000ec180000)
 ParOldGen       total 68608K, used 58902K [0x00000000c0000000, 0x00000000c4300000, 0x00000000eab00000)
  object space 68608K, 85% used [0x00000000c0000000,0x00000000c3985b98,0x00000000c4300000)
 Metaspace       used 60057K, committed 61056K, reserved 1105920K
  class space    used 6108K, committed 6592K, reserved 1048576K
}
Event: 21.368 GC heap before
{Heap before GC invocations=50 (full 3):
 PSYoungGen      total 21504K, used 21156K [0x00000000eab00000, 0x00000000ec400000, 0x0000000100000000)
  eden space 19456K, 100% used [0x00000000eab00000,0x00000000ebe00000,0x00000000ebe00000)
  from space 2048K, 83% used [0x00000000ec200000,0x00000000ec3a9350,0x00000000ec400000)
  to   space 2560K, 0% used [0x00000000ebf00000,0x00000000ebf00000,0x00000000ec180000)
 ParOldGen       total 68608K, used 58902K [0x00000000c0000000, 0x00000000c4300000, 0x00000000eab00000)
  object space 68608K, 85% used [0x00000000c0000000,0x00000000c3985b98,0x00000000c4300000)
 Metaspace       used 60523K, committed 61568K, reserved 1105920K
  class space    used 6151K, committed 6592K, reserved 1048576K
}
Event: 21.371 GC heap after
{Heap after GC invocations=50 (full 3):
 PSYoungGen      total 21504K, used 1728K [0x00000000eab00000, 0x00000000ec280000, 0x0000000100000000)
  eden space 19456K, 0% used [0x00000000eab00000,0x00000000eab00000,0x00000000ebe00000)
  from space 2048K, 84% used [0x00000000ebf00000,0x00000000ec0b0000,0x00000000ec100000)
  to   space 1536K, 0% used [0x00000000ec100000,0x00000000ec100000,0x00000000ec280000)
 ParOldGen       total 68608K, used 60366K [0x00000000c0000000, 0x00000000c4300000, 0x00000000eab00000)
  object space 68608K, 87% used [0x00000000c0000000,0x00000000c3af3800,0x00000000c4300000)
 Metaspace       used 60523K, committed 61568K, reserved 1105920K
  class space    used 6151K, committed 6592K, reserved 1048576K
}
Event: 21.998 GC heap before
{Heap before GC invocations=51 (full 3):
 PSYoungGen      total 21504K, used 21184K [0x00000000eab00000, 0x00000000ec280000, 0x0000000100000000)
  eden space 19456K, 100% used [0x00000000eab00000,0x00000000ebe00000,0x00000000ebe00000)
  from space 2048K, 84% used [0x00000000ebf00000,0x00000000ec0b0000,0x00000000ec100000)
  to   space 1536K, 0% used [0x00000000ec100000,0x00000000ec100000,0x00000000ec280000)
 ParOldGen       total 68608K, used 60366K [0x00000000c0000000, 0x00000000c4300000, 0x00000000eab00000)
  object space 68608K, 87% used [0x00000000c0000000,0x00000000c3af3800,0x00000000c4300000)
 Metaspace       used 61054K, committed 62080K, reserved 1105920K
  class space    used 6187K, committed 6656K, reserved 1048576K
}
Event: 22.001 GC heap after
{Heap after GC invocations=51 (full 3):
 PSYoungGen      total 19456K, used 1536K [0x00000000eab00000, 0x00000000ec700000, 0x0000000100000000)
  eden space 17920K, 0% used [0x00000000eab00000,0x00000000eab00000,0x00000000ebc80000)
  from space 1536K, 100% used [0x00000000ec100000,0x00000000ec280000,0x00000000ec280000)
  to   space 4608K, 0% used [0x00000000ebc80000,0x00000000ebc80000,0x00000000ec100000)
 ParOldGen       total 68608K, used 62880K [0x00000000c0000000, 0x00000000c4300000, 0x00000000eab00000)
  object space 68608K, 91% used [0x00000000c0000000,0x00000000c3d683c0,0x00000000c4300000)
 Metaspace       used 61054K, committed 62080K, reserved 1105920K
  class space    used 6187K, committed 6656K, reserved 1048576K
}

