# JRE version: OpenJDK Runtime Environment Temurin-17.0.4.1+1 (17.0.4.1+1) (build 17.0.4.1+1)
# Java VM: OpenJDK 64-Bit Server VM Temurin-17.0.4.1+1 (17.0.4.1+1, mixed mode, tiered, compressed oops, compressed class ptrs, parallel gc, windows-amd64)
GC Precious Log:
 CPUs: 8 total, 8 available
 Memory: 8058M
 Large Page Support: Disabled
 NUMA Support: Disabled
 Compressed Oops: Enabled (32-bit)
 Alignments: Space 512K, Generation 512K, Heap 2M
 Heap Min Capacity: 100M
 Heap Initial Capacity: 100M
 Heap Max Capacity: 1G
 Pre-touch: Disabled
 Parallel Workers: 8
Heap:
 PSYoungGen      total 17920K, used 7615K [0x00000000eab00000, 0x00000000ec500000, 0x0000000100000000)
  eden space 9216K, 82% used [0x00000000eab00000,0x00000000eb26fde8,0x00000000eb400000)
  from space 8704K, 0% used [0x00000000ebc80000,0x00000000ebc80000,0x00000000ec500000)
  to   space 8704K, 0% used [0x00000000eb400000,0x00000000eb400000,0x00000000ebc80000)
 ParOldGen       total 91648K, used 64242K [0x00000000c0000000, 0x00000000c5980000, 0x00000000eab00000)
  object space 91648K, 70% used [0x00000000c0000000,0x00000000c3ebc9e0,0x00000000c5980000)
 Metaspace       used 68143K, committed 69312K, reserved 1114112K
  class space    used 7008K, committed 7552K, reserved 1048576K
GC Heap History (20 events):
Event: 468.317 GC heap before
{Heap before GC invocations=61 (full 3):
 PSYoungGen      total 22528K, used 22324K [0x00000000eab00000, 0x00000000ec300000, 0x0000000100000000)
  eden space 20480K, 100% used [0x00000000eab00000,0x00000000ebf00000,0x00000000ebf00000)
  from space 2048K, 90% used [0x00000000ec100000,0x00000000ec2cd200,0x00000000ec300000)
  to   space 2048K, 0% used [0x00000000ebf00000,0x00000000ebf00000,0x00000000ec100000)
 ParOldGen       total 92160K, used 83309K [0x00000000c0000000, 0x00000000c5a00000, 0x00000000eab00000)
  object space 92160K, 90% used [0x00000000c0000000,0x00000000c515b5e8,0x00000000c5a00000)
 Metaspace       used 66448K, committed 67648K, reserved 1114112K
  class space    used 6877K, committed 7424K, reserved 1048576K
}
Event: 468.319 GC heap after
{Heap after GC invocations=61 (full 3):
 PSYoungGen      total 22528K, used 1696K [0x00000000eab00000, 0x00000000ec300000, 0x0000000100000000)
  eden space 20480K, 0% used [0x00000000eab00000,0x00000000eab00000,0x00000000ebf00000)
  from space 2048K, 82% used [0x00000000ebf00000,0x00000000ec0a8000,0x00000000ec100000)
  to   space 2048K, 0% used [0x00000000ec100000,0x00000000ec100000,0x00000000ec300000)
 ParOldGen       total 92160K, used 85002K [0x00000000c0000000, 0x00000000c5a00000, 0x00000000eab00000)
  object space 92160K, 92% used [0x00000000c0000000,0x00000000c5302808,0x00000000c5a00000)
 Metaspace       used 66448K, committed 67648K, reserved 1114112K
  class space    used 6877K, committed 7424K, reserved 1048576K
}
Event: 658.836 GC heap before
{Heap before GC invocations=62 (full 3):
 PSYoungGen      total 22528K, used 16627K [0x00000000eab00000, 0x00000000ec300000, 0x0000000100000000)
  eden space 20480K, 72% used [0x00000000eab00000,0x00000000eb994ce8,0x00000000ebf00000)
  from space 2048K, 82% used [0x00000000ebf00000,0x00000000ec0a8000,0x00000000ec100000)
  to   space 2048K, 0% used [0x00000000ec100000,0x00000000ec100000,0x00000000ec300000)
 ParOldGen       total 92160K, used 85002K [0x00000000c0000000, 0x00000000c5a00000, 0x00000000eab00000)
  object space 92160K, 92% used [0x00000000c0000000,0x00000000c5302808,0x00000000c5a00000)
 Metaspace       used 66692K, committed 67840K, reserved 1114112K
  class space    used 6891K, committed 7424K, reserved 1048576K
}
Event: 658.839 GC heap after
{Heap after GC invocations=62 (full 3):
 PSYoungGen      total 22016K, used 1136K [0x00000000eab00000, 0x00000000ec280000, 0x0000000100000000)
  eden space 20480K, 0% used [0x00000000eab00000,0x00000000eab00000,0x00000000ebf00000)
  from space 1536K, 73% used [0x00000000ec100000,0x00000000ec21c010,0x00000000ec280000)
  to   space 1536K, 0% used [0x00000000ebf80000,0x00000000ebf80000,0x00000000ec100000)
 ParOldGen       total 92160K, used 86530K [0x00000000c0000000, 0x00000000c5a00000, 0x00000000eab00000)
  object space 92160K, 93% used [0x00000000c0000000,0x00000000c5480808,0x00000000c5a00000)
 Metaspace       used 66692K, committed 67840K, reserved 1114112K
  class space    used 6891K, committed 7424K, reserved 1048576K
}
Event: 659.097 GC heap before
{Heap before GC invocations=63 (full 3):
 PSYoungGen      total 22016K, used 21616K [0x00000000eab00000, 0x00000000ec280000, 0x0000000100000000)
  eden space 20480K, 100% used [0x00000000eab00000,0x00000000ebf00000,0x00000000ebf00000)
  from space 1536K, 73% used [0x00000000ec100000,0x00000000ec21c010,0x00000000ec280000)
  to   space 1536K, 0% used [0x00000000ebf80000,0x00000000ebf80000,0x00000000ec100000)
 ParOldGen       total 103936K, used 98050K [0x00000000c0000000, 0x00000000c6580000, 0x00000000eab00000)
  object space 103936K, 94% used [0x00000000c0000000,0x00000000c5fc0818,0x00000000c6580000)
 Metaspace       used 66709K, committed 67904K, reserved 1114112K
  class space    used 6892K, committed 7424K, reserved 1048576K
}
Event: 659.100 GC heap after
{Heap after GC invocations=63 (full 3):
 PSYoungGen      total 20992K, used 224K [0x00000000eab00000, 0x00000000ec180000, 0x0000000100000000)
  eden space 20480K, 0% used [0x00000000eab00000,0x00000000eab00000,0x00000000ebf00000)
  from space 512K, 43% used [0x00000000ebf80000,0x00000000ebfb8000,0x00000000ec000000)
  to   space 1024K, 0% used [0x00000000ec080000,0x00000000ec080000,0x00000000ec180000)
 ParOldGen       total 103936K, used 98966K [0x00000000c0000000, 0x00000000c6580000, 0x00000000eab00000)
  object space 103936K, 95% used [0x00000000c0000000,0x00000000c60a5a38,0x00000000c6580000)
 Metaspace       used 66709K, committed 67904K, reserved 1114112K
  class space    used 6892K, committed 7424K, reserved 1048576K
}
Event: 1437.996 GC heap before
{Heap before GC invocations=64 (full 3):
 PSYoungGen      total 20992K, used 20704K [0x00000000eab00000, 0x00000000ec180000, 0x0000000100000000)
  eden space 20480K, 100% used [0x00000000eab00000,0x00000000ebf00000,0x00000000ebf00000)
  from space 512K, 43% used [0x00000000ebf80000,0x00000000ebfb8000,0x00000000ec000000)
  to   space 1024K, 0% used [0x00000000ec080000,0x00000000ec080000,0x00000000ec180000)
 ParOldGen       total 127488K, used 122006K [0x00000000c0000000, 0x00000000c7c80000, 0x00000000eab00000)
  object space 127488K, 95% used [0x00000000c0000000,0x00000000c7725a58,0x00000000c7c80000)
 Metaspace       used 67100K, committed 68352K, reserved 1114112K
  class space    used 6926K, committed 7488K, reserved 1048576K
}
Event: 1438.096 GC heap after
{Heap after GC invocations=64 (full 3):
 PSYoungGen      total 20480K, used 1022K [0x00000000eab00000, 0x00000000ec400000, 0x0000000100000000)
  eden space 19456K, 0% used [0x00000000eab00000,0x00000000eab00000,0x00000000ebe00000)
  from space 1024K, 99% used [0x00000000ec080000,0x00000000ec17f940,0x00000000ec180000)
  to   space 2560K, 0% used [0x00000000ebe00000,0x00000000ebe00000,0x00000000ec080000)
 ParOldGen       total 127488K, used 122849K [0x00000000c0000000, 0x00000000c7c80000, 0x00000000eab00000)
  object space 127488K, 96% used [0x00000000c0000000,0x00000000c77f8730,0x00000000c7c80000)
 Metaspace       used 67100K, committed 68352K, reserved 1114112K
  class space    used 6926K, committed 7488K, reserved 1048576K
}
Event: 1438.220 GC heap before
{Heap before GC invocations=65 (full 3):
 PSYoungGen      total 20480K, used 20478K [0x00000000eab00000, 0x00000000ec400000, 0x0000000100000000)
  eden space 19456K, 100% used [0x00000000eab00000,0x00000000ebe00000,0x00000000ebe00000)
  from space 1024K, 99% used [0x00000000ec080000,0x00000000ec17f940,0x00000000ec180000)
  to   space 2560K, 0% used [0x00000000ebe00000,0x00000000ebe00000,0x00000000ec080000)
 ParOldGen       total 127488K, used 122849K [0x00000000c0000000, 0x00000000c7c80000, 0x00000000eab00000)
  object space 127488K, 96% used [0x00000000c0000000,0x00000000c77f8730,0x00000000c7c80000)
 Metaspace       used 67106K, committed 68352K, reserved 1114112K
  class space    used 6926K, committed 7488K, reserved 1048576K
}
Event: 1438.223 GC heap after
{Heap after GC invocations=65 (full 3):
 PSYoungGen      total 22016K, used 2548K [0x00000000eab00000, 0x00000000ecb00000, 0x0000000100000000)
  eden space 19456K, 0% used [0x00000000eab00000,0x00000000eab00000,0x00000000ebe00000)
  from space 2560K, 99% used [0x00000000ebe00000,0x00000000ec07d2e8,0x00000000ec080000)
  to   space 6656K, 0% used [0x00000000ec480000,0x00000000ec480000,0x00000000ecb00000)
 ParOldGen       total 127488K, used 126187K [0x00000000c0000000, 0x00000000c7c80000, 0x00000000eab00000)
  object space 127488K, 98% used [0x00000000c0000000,0x00000000c7b3ac40,0x00000000c7c80000)
 Metaspace       used 67106K, committed 68352K, reserved 1114112K
  class space    used 6926K, committed 7488K, reserved 1048576K
}
Event: 1438.223 GC heap before
{Heap before GC invocations=66 (full 4):
 PSYoungGen      total 22016K, used 2548K [0x00000000eab00000, 0x00000000ecb00000, 0x0000000100000000)
  eden space 19456K, 0% used [0x00000000eab00000,0x00000000eab00000,0x00000000ebe00000)
  from space 2560K, 99% used [0x00000000ebe00000,0x00000000ec07d2e8,0x00000000ec080000)
  to   space 6656K, 0% used [0x00000000ec480000,0x00000000ec480000,0x00000000ecb00000)
 ParOldGen       total 127488K, used 126187K [0x00000000c0000000, 0x00000000c7c80000, 0x00000000eab00000)
  object space 127488K, 98% used [0x00000000c0000000,0x00000000c7b3ac40,0x00000000c7c80000)
 Metaspace       used 67106K, committed 68352K, reserved 1114112K
  class space    used 6926K, committed 7488K, reserved 1048576K
}
Event: 1439.290 GC heap after
{Heap after GC invocations=66 (full 4):
 PSYoungGen      total 26112K, used 0K [0x00000000eab00000, 0x00000000ecb00000, 0x0000000100000000)
  eden space 19456K, 0% used [0x00000000eab00000,0x00000000eab00000,0x00000000ebe00000)
  from space 6656K, 0% used [0x00000000ec480000,0x00000000ec480000,0x00000000ecb00000)
  to   space 6656K, 0% used [0x00000000ebe00000,0x00000000ebe00000,0x00000000ec480000)
 ParOldGen       total 96256K, used 67418K [0x00000000c0000000, 0x00000000c5e00000, 0x00000000eab00000)
  object space 96256K, 70% used [0x00000000c0000000,0x00000000c41d6ac8,0x00000000c5e00000)
 Metaspace       used 66934K, committed 68352K, reserved 1114112K
  class space    used 6884K, committed 7488K, reserved 1048576K
}
Event: 1478.378 GC heap before
{Heap before GC invocations=67 (full 4):
 PSYoungGen      total 26112K, used 19456K [0x00000000eab00000, 0x00000000ecb00000, 0x0000000100000000)
  eden space 19456K, 100% used [0x00000000eab00000,0x00000000ebe00000,0x00000000ebe00000)
  from space 6656K, 0% used [0x00000000ec480000,0x00000000ec480000,0x00000000ecb00000)
  to   space 6656K, 0% used [0x00000000ebe00000,0x00000000ebe00000,0x00000000ec480000)
 ParOldGen       total 96256K, used 67418K [0x00000000c0000000, 0x00000000c5e00000, 0x00000000eab00000)
  object space 96256K, 70% used [0x00000000c0000000,0x00000000c41d6ac8,0x00000000c5e00000)
 Metaspace       used 67133K, committed 68352K, reserved 1114112K
  class space    used 6914K, committed 7488K, reserved 1048576K
}
Event: 1478.380 GC heap after
{Heap after GC invocations=67 (full 4):
 PSYoungGen      total 22016K, used 2516K [0x00000000eab00000, 0x00000000ec600000, 0x0000000100000000)
  eden space 19456K, 0% used [0x00000000eab00000,0x00000000eab00000,0x00000000ebe00000)
  from space 2560K, 98% used [0x00000000ebe00000,0x00000000ec075210,0x00000000ec080000)
  to   space 4096K, 0% used [0x00000000ec200000,0x00000000ec200000,0x00000000ec600000)
 ParOldGen       total 96256K, used 67426K [0x00000000c0000000, 0x00000000c5e00000, 0x00000000eab00000)
  object space 96256K, 70% used [0x00000000c0000000,0x00000000c41d8ac8,0x00000000c5e00000)
 Metaspace       used 67133K, committed 68352K, reserved 1114112K
  class space    used 6914K, committed 7488K, reserved 1048576K
}
Event: 1478.870 GC heap before
{Heap before GC invocations=68 (full 4):
 PSYoungGen      total 22016K, used 21972K [0x00000000eab00000, 0x00000000ec600000, 0x0000000100000000)
  eden space 19456K, 100% used [0x00000000eab00000,0x00000000ebe00000,0x00000000ebe00000)
  from space 2560K, 98% used [0x00000000ebe00000,0x00000000ec075210,0x00000000ec080000)
  to   space 4096K, 0% used [0x00000000ec200000,0x00000000ec200000,0x00000000ec600000)
 ParOldGen       total 96256K, used 67426K [0x00000000c0000000, 0x00000000c5e00000, 0x00000000eab00000)
  object space 96256K, 70% used [0x00000000c0000000,0x00000000c41d8ac8,0x00000000c5e00000)
 Metaspace       used 67543K, committed 68736K, reserved 1114112K
  class space    used 6935K, committed 7488K, reserved 1048576K
}
Event: 1478.877 GC heap after
{Heap after GC invocations=68 (full 4):
 PSYoungGen      total 13312K, used 4078K [0x00000000eab00000, 0x00000000eda00000, 0x0000000100000000)
  eden space 9216K, 0% used [0x00000000eab00000,0x00000000eab00000,0x00000000eb400000)
  from space 4096K, 99% used [0x00000000ec200000,0x00000000ec5fb950,0x00000000ec600000)
  to   space 14336K, 0% used [0x00000000eb400000,0x00000000eb400000,0x00000000ec200000)
 ParOldGen       total 96256K, used 75605K [0x00000000c0000000, 0x00000000c5e00000, 0x00000000eab00000)
  object space 96256K, 78% used [0x00000000c0000000,0x00000000c49d56e0,0x00000000c5e00000)
 Metaspace       used 67543K, committed 68736K, reserved 1114112K
  class space    used 6935K, committed 7488K, reserved 1048576K
}
Event: 1479.146 GC heap before
{Heap before GC invocations=69 (full 4):
 PSYoungGen      total 13312K, used 13294K [0x00000000eab00000, 0x00000000eda00000, 0x0000000100000000)
  eden space 9216K, 100% used [0x00000000eab00000,0x00000000eb400000,0x00000000eb400000)
  from space 4096K, 99% used [0x00000000ec200000,0x00000000ec5fb950,0x00000000ec600000)
  to   space 14336K, 0% used [0x00000000eb400000,0x00000000eb400000,0x00000000ec200000)
 ParOldGen       total 96256K, used 75605K [0x00000000c0000000, 0x00000000c5e00000, 0x00000000eab00000)
  object space 96256K, 78% used [0x00000000c0000000,0x00000000c49d56e0,0x00000000c5e00000)
 Metaspace       used 67646K, committed 68800K, reserved 1114112K
  class space    used 6946K, committed 7488K, reserved 1048576K
}
Event: 1479.148 GC heap after
{Heap after GC invocations=69 (full 4):
 PSYoungGen      total 15872K, used 6237K [0x00000000eab00000, 0x00000000ec500000, 0x0000000100000000)
  eden space 9216K, 0% used [0x00000000eab00000,0x00000000eab00000,0x00000000eb400000)
  from space 6656K, 93% used [0x00000000eb400000,0x00000000eba177c8,0x00000000eba80000)
  to   space 8704K, 0% used [0x00000000ebc80000,0x00000000ebc80000,0x00000000ec500000)
 ParOldGen       total 96256K, used 76215K [0x00000000c0000000, 0x00000000c5e00000, 0x00000000eab00000)
  object space 96256K, 79% used [0x00000000c0000000,0x00000000c4a6dce0,0x00000000c5e00000)
 Metaspace       used 67646K, committed 68800K, reserved 1114112K
  class space    used 6946K, committed 7488K, reserved 1048576K
}
Event: 1595.991 GC heap before
{Heap before GC invocations=70 (full 5):
 PSYoungGen      total 15872K, used 15453K [0x00000000eab00000, 0x00000000ec500000, 0x0000000100000000)
  eden space 9216K, 100% used [0x00000000eab00000,0x00000000eb400000,0x00000000eb400000)
  from space 6656K, 93% used [0x00000000eb400000,0x00000000eba177c8,0x00000000eba80000)
  to   space 8704K, 0% used [0x00000000ebc80000,0x00000000ebc80000,0x00000000ec500000)
 ParOldGen       total 139776K, used 137655K [0x00000000c0000000, 0x00000000c8880000, 0x00000000eab00000)
  object space 139776K, 98% used [0x00000000c0000000,0x00000000c866dd40,0x00000000c8880000)
 Metaspace       used 67832K, committed 68928K, reserved 1114112K
  class space    used 6958K, committed 7488K, reserved 1048576K
}
Event: 1596.209 GC heap after
{Heap after GC invocations=70 (full 5):
 PSYoungGen      total 17920K, used 0K [0x00000000eab00000, 0x00000000ec500000, 0x0000000100000000)
  eden space 9216K, 0% used [0x00000000eab00000,0x00000000eab00000,0x00000000eb400000)
  from space 8704K, 0% used [0x00000000ebc80000,0x00000000ebc80000,0x00000000ec500000)
  to   space 8704K, 0% used [0x00000000eb400000,0x00000000eb400000,0x00000000ebc80000)
 ParOldGen       total 91648K, used 64242K [0x00000000c0000000, 0x00000000c5980000, 0x00000000eab00000)
  object space 91648K, 70% used [0x00000000c0000000,0x00000000c3ebc9e0,0x00000000c5980000)
 Metaspace       used 67832K, committed 68928K, reserved 1114112K
  class space    used 6958K, committed 7488K, reserved 1048576K
}

